  ScanlineHW.cpp
d:\bookza\my portfolio\555\scanline\scanlinehw.cpp(71): warning C4244: '=': conversion from 'float' to 'int', possible loss of data
d:\bookza\my portfolio\555\scanline\scanlinehw.cpp(74): warning C4244: '=': conversion from 'float' to 'int', possible loss of data
d:\bookza\my portfolio\555\scanline\scanlinehw.cpp(83): warning C4244: '=': conversion from 'int' to 'float', possible loss of data
d:\bookza\my portfolio\555\scanline\scanlinehw.cpp(98): warning C4244: '=': conversion from 'int' to 'float', possible loss of data
d:\bookza\my portfolio\555\scanline\scanlinehw.cpp(110): warning C4244: '=': conversion from 'int' to 'float', possible loss of data
d:\bookza\my portfolio\555\scanline\scanlinehw.cpp(122): warning C4244: '=': conversion from 'int' to 'float', possible loss of data
d:\bookza\my portfolio\555\scanline\scanlinehw.cpp(302): warning C4244: '=': conversion from 'float' to 'int', possible loss of data
d:\bookza\my portfolio\555\scanline\scanlinehw.cpp(305): warning C4244: '=': conversion from 'float' to 'int', possible loss of data
d:\bookza\my portfolio\555\scanline\scanlinehw.cpp(309): warning C4244: '=': conversion from 'float' to 'int', possible loss of data
d:\bookza\my portfolio\555\scanline\scanlinehw.cpp(312): warning C4244: '=': conversion from 'float' to 'int', possible loss of data
d:\bookza\my portfolio\555\scanline\scanlinehw.cpp(316): warning C4244: '=': conversion from 'float' to 'int', possible loss of data
d:\bookza\my portfolio\555\scanline\scanlinehw.cpp(319): warning C4244: '=': conversion from 'float' to 'int', possible loss of data
d:\bookza\my portfolio\555\scanline\scanlinehw.cpp(323): warning C4244: '=': conversion from 'float' to 'int', possible loss of data
d:\bookza\my portfolio\555\scanline\scanlinehw.cpp(326): warning C4244: '=': conversion from 'float' to 'int', possible loss of data
d:\bookza\my portfolio\555\scanline\scanlinehw.cpp(332): warning C4244: 'argument': conversion from 'int' to 'float', possible loss of data
d:\bookza\my portfolio\555\scanline\scanlinehw.cpp(336): warning C4244: 'argument': conversion from 'int' to 'float', possible loss of data
d:\bookza\my portfolio\555\scanline\scanlinehw.cpp(340): warning C4244: 'argument': conversion from 'int' to 'float', possible loss of data
d:\bookza\my portfolio\555\scanline\scanlinehw.cpp(344): warning C4244: 'argument': conversion from 'int' to 'float', possible loss of data
d:\bookza\my portfolio\555\scanline\scanlinehw.cpp(379): warning C4244: '=': conversion from 'int' to 'float', possible loss of data
d:\bookza\my portfolio\555\scanline\scanlinehw.cpp(390): warning C4244: '=': conversion from 'int' to 'float', possible loss of data
d:\bookza\my portfolio\555\scanline\scanlinehw.cpp(399): warning C4244: 'argument': conversion from 'float' to 'int', possible loss of data
d:\bookza\my portfolio\555\scanline\scanlinehw.cpp(400): warning C4244: 'argument': conversion from 'float' to 'int', possible loss of data
d:\bookza\my portfolio\555\scanline\scanlinehw.cpp(409): warning C4244: '=': conversion from 'int' to 'float', possible loss of data
d:\bookza\my portfolio\555\scanline\scanlinehw.cpp(417): warning C4244: 'argument': conversion from 'float' to 'int', possible loss of data
d:\bookza\my portfolio\555\scanline\scanlinehw.cpp(435): warning C4244: '=': conversion from 'int' to 'float', possible loss of data
d:\bookza\my portfolio\555\scanline\scanlinehw.cpp(439): warning C4244: '=': conversion from 'int' to 'float', possible loss of data
d:\bookza\my portfolio\555\scanline\scanlinehw.cpp(443): warning C4244: '=': conversion from 'int' to 'float', possible loss of data
d:\bookza\my portfolio\555\scanline\scanlinehw.cpp(447): warning C4244: '=': conversion from 'int' to 'float', possible loss of data
d:\bookza\my portfolio\555\scanline\scanlinehw.cpp(451): warning C4244: '=': conversion from 'int' to 'float', possible loss of data
d:\bookza\my portfolio\555\scanline\scanlinehw.cpp(455): warning C4244: '=': conversion from 'int' to 'float', possible loss of data
d:\bookza\my portfolio\555\scanline\scanlinehw.cpp(473): warning C4244: 'argument': conversion from 'float' to 'int', possible loss of data
d:\bookza\my portfolio\555\scanline\scanlinehw.cpp(474): warning C4244: 'argument': conversion from 'float' to 'int', possible loss of data
d:\bookza\my portfolio\555\scanline\scanlinehw.cpp(475): warning C4244: 'argument': conversion from 'float' to 'int', possible loss of data
d:\bookza\my portfolio\555\scanline\scanlinehw.cpp(476): warning C4244: 'argument': conversion from 'float' to 'int', possible loss of data
d:\bookza\my portfolio\555\scanline\scanlinehw.cpp(477): warning C4244: 'argument': conversion from 'float' to 'int', possible loss of data
d:\bookza\my portfolio\555\scanline\scanlinehw.cpp(478): warning C4244: 'argument': conversion from 'float' to 'int', possible loss of data
d:\bookza\my portfolio\555\scanline\scanlinehw.cpp(659): warning C4244: 'argument': conversion from 'float' to 'int', possible loss of data
  Scanline.vcxproj -> D:\BOOKZA\My Portfolio\555\Debug\Scanline.exe
